[0.681s] Invoking command in '/home/roar/Desktop/projects/roar_ros/src/ros_roar_streamer/build/ros_roar_streamer': PYTHONPATH=/home/roar/Desktop/projects/roar_ros/src/ros_roar_streamer/install/ros_roar_streamer/lib/python3.8/site-packages:${PYTHONPATH} /usr/bin/python3 setup.py develop --prefix /home/roar/Desktop/projects/roar_ros/src/ros_roar_streamer/install/ros_roar_streamer --editable --build-directory /home/roar/Desktop/projects/roar_ros/src/ros_roar_streamer/build/ros_roar_streamer/build --no-deps install_data --install-dir /home/roar/Desktop/projects/roar_ros/src/ros_roar_streamer/install/ros_roar_streamer
[0.932s] running develop
[1.064s] running egg_info
[1.064s] writing ros_roar_streamer.egg-info/PKG-INFO
[1.065s] writing dependency_links to ros_roar_streamer.egg-info/dependency_links.txt
[1.065s] writing entry points to ros_roar_streamer.egg-info/entry_points.txt
[1.065s] writing requirements to ros_roar_streamer.egg-info/requires.txt
[1.065s] writing top-level names to ros_roar_streamer.egg-info/top_level.txt
[1.089s] reading manifest file 'ros_roar_streamer.egg-info/SOURCES.txt'
[1.090s] writing manifest file 'ros_roar_streamer.egg-info/SOURCES.txt'
[1.124s] running build_ext
[1.124s] Creating /home/roar/Desktop/projects/roar_ros/src/ros_roar_streamer/install/ros_roar_streamer/lib/python3.8/site-packages/ros-roar-streamer.egg-link (link to .)
[1.125s] Installing control_streamer script to /home/roar/Desktop/projects/roar_ros/src/ros_roar_streamer/install/ros_roar_streamer/lib/ros_roar_streamer
[1.125s] Installing depth_streamer script to /home/roar/Desktop/projects/roar_ros/src/ros_roar_streamer/install/ros_roar_streamer/lib/ros_roar_streamer
[1.125s] Installing manual_drive_with_pygame script to /home/roar/Desktop/projects/roar_ros/src/ros_roar_streamer/install/ros_roar_streamer/lib/ros_roar_streamer
[1.125s] Installing pointcloud_publisher script to /home/roar/Desktop/projects/roar_ros/src/ros_roar_streamer/install/ros_roar_streamer/lib/ros_roar_streamer
[1.125s] Installing rgb_streamer script to /home/roar/Desktop/projects/roar_ros/src/ros_roar_streamer/install/ros_roar_streamer/lib/ros_roar_streamer
[1.126s] Installing state_streamer script to /home/roar/Desktop/projects/roar_ros/src/ros_roar_streamer/install/ros_roar_streamer/lib/ros_roar_streamer
[1.126s] 
[1.126s] Installed /home/roar/Desktop/projects/roar_ros/src/ros_roar_streamer/build/ros_roar_streamer
[1.126s] running install_data
[1.126s] copying launch/test.launch.py -> /home/roar/Desktop/projects/roar_ros/src/ros_roar_streamer/install/ros_roar_streamer/share/ros_roar_streamer
[1.126s] copying config/default_config.rviz -> /home/roar/Desktop/projects/roar_ros/src/ros_roar_streamer/install/ros_roar_streamer/share/ros_roar_streamer/config
[1.146s] Invoked command in '/home/roar/Desktop/projects/roar_ros/src/ros_roar_streamer/build/ros_roar_streamer' returned '0': PYTHONPATH=/home/roar/Desktop/projects/roar_ros/src/ros_roar_streamer/install/ros_roar_streamer/lib/python3.8/site-packages:${PYTHONPATH} /usr/bin/python3 setup.py develop --prefix /home/roar/Desktop/projects/roar_ros/src/ros_roar_streamer/install/ros_roar_streamer --editable --build-directory /home/roar/Desktop/projects/roar_ros/src/ros_roar_streamer/build/ros_roar_streamer/build --no-deps install_data --install-dir /home/roar/Desktop/projects/roar_ros/src/ros_roar_streamer/install/ros_roar_streamer
