running develop
running egg_info
creating ros_roar_streamer.egg-info
writing ros_roar_streamer.egg-info/PKG-INFO
writing dependency_links to ros_roar_streamer.egg-info/dependency_links.txt
writing entry points to ros_roar_streamer.egg-info/entry_points.txt
writing requirements to ros_roar_streamer.egg-info/requires.txt
writing top-level names to ros_roar_streamer.egg-info/top_level.txt
writing manifest file 'ros_roar_streamer.egg-info/SOURCES.txt'
reading manifest file 'ros_roar_streamer.egg-info/SOURCES.txt'
writing manifest file 'ros_roar_streamer.egg-info/SOURCES.txt'
running build_ext
Creating /home/roar/Desktop/projects/roar_ros/src/ros_roar_streamer/install/ros_roar_streamer/lib/python3.8/site-packages/site.py
Creating /home/roar/Desktop/projects/roar_ros/src/ros_roar_streamer/install/ros_roar_streamer/lib/python3.8/site-packages/ros-roar-streamer.egg-link (link to .)
Installing control_streamer script to /home/roar/Desktop/projects/roar_ros/src/ros_roar_streamer/install/ros_roar_streamer/lib/ros_roar_streamer
Installing depth_streamer script to /home/roar/Desktop/projects/roar_ros/src/ros_roar_streamer/install/ros_roar_streamer/lib/ros_roar_streamer
Installing manual_drive_with_pygame script to /home/roar/Desktop/projects/roar_ros/src/ros_roar_streamer/install/ros_roar_streamer/lib/ros_roar_streamer
Installing pointcloud_publisher script to /home/roar/Desktop/projects/roar_ros/src/ros_roar_streamer/install/ros_roar_streamer/lib/ros_roar_streamer
Installing rgb_streamer script to /home/roar/Desktop/projects/roar_ros/src/ros_roar_streamer/install/ros_roar_streamer/lib/ros_roar_streamer
Installing state_streamer script to /home/roar/Desktop/projects/roar_ros/src/ros_roar_streamer/install/ros_roar_streamer/lib/ros_roar_streamer

Installed /home/roar/Desktop/projects/roar_ros/src/ros_roar_streamer/build/ros_roar_streamer
running install_data
creating /home/roar/Desktop/projects/roar_ros/src/ros_roar_streamer/install/ros_roar_streamer/share/ament_index
creating /home/roar/Desktop/projects/roar_ros/src/ros_roar_streamer/install/ros_roar_streamer/share/ament_index/resource_index
creating /home/roar/Desktop/projects/roar_ros/src/ros_roar_streamer/install/ros_roar_streamer/share/ament_index/resource_index/packages
copying resource/ros_roar_streamer -> /home/roar/Desktop/projects/roar_ros/src/ros_roar_streamer/install/ros_roar_streamer/share/ament_index/resource_index/packages
copying package.xml -> /home/roar/Desktop/projects/roar_ros/src/ros_roar_streamer/install/ros_roar_streamer/share/ros_roar_streamer
copying launch/roar_sensor_stream_only_without_rviz.launch.py -> /home/roar/Desktop/projects/roar_ros/src/ros_roar_streamer/install/ros_roar_streamer/share/ros_roar_streamer
copying launch/test.launch.py -> /home/roar/Desktop/projects/roar_ros/src/ros_roar_streamer/install/ros_roar_streamer/share/ros_roar_streamer
copying launch/roar_sensor_stream_only_with_rviz.launch.py -> /home/roar/Desktop/projects/roar_ros/src/ros_roar_streamer/install/ros_roar_streamer/share/ros_roar_streamer
copying launch/roar_manual_control.launch.py -> /home/roar/Desktop/projects/roar_ros/src/ros_roar_streamer/install/ros_roar_streamer/share/ros_roar_streamer
creating /home/roar/Desktop/projects/roar_ros/src/ros_roar_streamer/install/ros_roar_streamer/share/ros_roar_streamer/config
copying config/default_config.rviz -> /home/roar/Desktop/projects/roar_ros/src/ros_roar_streamer/install/ros_roar_streamer/share/ros_roar_streamer/config
creating /home/roar/Desktop/projects/roar_ros/src/ros_roar_streamer/install/ros_roar_streamer/share/ros_roar_streamer/URDF
