[0.671s] Invoking command in '/home/roar/Desktop/projects/roar_ros/src/ros_roar_streamer/build/ros_roar_streamer': PYTHONPATH=/home/roar/Desktop/projects/roar_ros/src/ros_roar_streamer/install/ros_roar_streamer/lib/python3.8/site-packages:${PYTHONPATH} /usr/bin/python3 setup.py develop --prefix /home/roar/Desktop/projects/roar_ros/src/ros_roar_streamer/install/ros_roar_streamer --editable --build-directory /home/roar/Desktop/projects/roar_ros/src/ros_roar_streamer/build/ros_roar_streamer/build --no-deps install_data --install-dir /home/roar/Desktop/projects/roar_ros/src/ros_roar_streamer/install/ros_roar_streamer
[0.928s] running develop
[1.057s] running egg_info
[1.057s] creating ros_roar_streamer.egg-info
[1.057s] writing ros_roar_streamer.egg-info/PKG-INFO
[1.057s] writing dependency_links to ros_roar_streamer.egg-info/dependency_links.txt
[1.057s] writing entry points to ros_roar_streamer.egg-info/entry_points.txt
[1.057s] writing requirements to ros_roar_streamer.egg-info/requires.txt
[1.058s] writing top-level names to ros_roar_streamer.egg-info/top_level.txt
[1.058s] writing manifest file 'ros_roar_streamer.egg-info/SOURCES.txt'
[1.081s] reading manifest file 'ros_roar_streamer.egg-info/SOURCES.txt'
[1.081s] writing manifest file 'ros_roar_streamer.egg-info/SOURCES.txt'
[1.117s] running build_ext
[1.118s] Creating /home/roar/Desktop/projects/roar_ros/src/ros_roar_streamer/install/ros_roar_streamer/lib/python3.8/site-packages/site.py
[1.119s] Creating /home/roar/Desktop/projects/roar_ros/src/ros_roar_streamer/install/ros_roar_streamer/lib/python3.8/site-packages/ros-roar-streamer.egg-link (link to .)
[1.119s] Installing control_streamer script to /home/roar/Desktop/projects/roar_ros/src/ros_roar_streamer/install/ros_roar_streamer/lib/ros_roar_streamer
[1.119s] Installing depth_streamer script to /home/roar/Desktop/projects/roar_ros/src/ros_roar_streamer/install/ros_roar_streamer/lib/ros_roar_streamer
[1.120s] Installing manual_drive_with_pygame script to /home/roar/Desktop/projects/roar_ros/src/ros_roar_streamer/install/ros_roar_streamer/lib/ros_roar_streamer
[1.120s] Installing pointcloud_publisher script to /home/roar/Desktop/projects/roar_ros/src/ros_roar_streamer/install/ros_roar_streamer/lib/ros_roar_streamer
[1.120s] Installing rgb_streamer script to /home/roar/Desktop/projects/roar_ros/src/ros_roar_streamer/install/ros_roar_streamer/lib/ros_roar_streamer
[1.120s] Installing state_streamer script to /home/roar/Desktop/projects/roar_ros/src/ros_roar_streamer/install/ros_roar_streamer/lib/ros_roar_streamer
[1.120s] 
[1.120s] Installed /home/roar/Desktop/projects/roar_ros/src/ros_roar_streamer/build/ros_roar_streamer
[1.120s] running install_data
[1.120s] creating /home/roar/Desktop/projects/roar_ros/src/ros_roar_streamer/install/ros_roar_streamer/share/ament_index
[1.121s] creating /home/roar/Desktop/projects/roar_ros/src/ros_roar_streamer/install/ros_roar_streamer/share/ament_index/resource_index
[1.121s] creating /home/roar/Desktop/projects/roar_ros/src/ros_roar_streamer/install/ros_roar_streamer/share/ament_index/resource_index/packages
[1.121s] copying resource/ros_roar_streamer -> /home/roar/Desktop/projects/roar_ros/src/ros_roar_streamer/install/ros_roar_streamer/share/ament_index/resource_index/packages
[1.121s] copying package.xml -> /home/roar/Desktop/projects/roar_ros/src/ros_roar_streamer/install/ros_roar_streamer/share/ros_roar_streamer
[1.121s] copying launch/roar_sensor_stream_only_without_rviz.launch.py -> /home/roar/Desktop/projects/roar_ros/src/ros_roar_streamer/install/ros_roar_streamer/share/ros_roar_streamer
[1.121s] copying launch/test.launch.py -> /home/roar/Desktop/projects/roar_ros/src/ros_roar_streamer/install/ros_roar_streamer/share/ros_roar_streamer
[1.121s] copying launch/roar_sensor_stream_only_with_rviz.launch.py -> /home/roar/Desktop/projects/roar_ros/src/ros_roar_streamer/install/ros_roar_streamer/share/ros_roar_streamer
[1.121s] copying launch/roar_manual_control.launch.py -> /home/roar/Desktop/projects/roar_ros/src/ros_roar_streamer/install/ros_roar_streamer/share/ros_roar_streamer
[1.121s] creating /home/roar/Desktop/projects/roar_ros/src/ros_roar_streamer/install/ros_roar_streamer/share/ros_roar_streamer/config
[1.121s] copying config/default_config.rviz -> /home/roar/Desktop/projects/roar_ros/src/ros_roar_streamer/install/ros_roar_streamer/share/ros_roar_streamer/config
[1.121s] creating /home/roar/Desktop/projects/roar_ros/src/ros_roar_streamer/install/ros_roar_streamer/share/ros_roar_streamer/URDF
[1.147s] Invoked command in '/home/roar/Desktop/projects/roar_ros/src/ros_roar_streamer/build/ros_roar_streamer' returned '0': PYTHONPATH=/home/roar/Desktop/projects/roar_ros/src/ros_roar_streamer/install/ros_roar_streamer/lib/python3.8/site-packages:${PYTHONPATH} /usr/bin/python3 setup.py develop --prefix /home/roar/Desktop/projects/roar_ros/src/ros_roar_streamer/install/ros_roar_streamer --editable --build-directory /home/roar/Desktop/projects/roar_ros/src/ros_roar_streamer/build/ros_roar_streamer/build --no-deps install_data --install-dir /home/roar/Desktop/projects/roar_ros/src/ros_roar_streamer/install/ros_roar_streamer
